TN:
SF:src\App.js
FN:9,(anonymous_0)
FN:15,(anonymous_1)
FN:26,(anonymous_2)
FN:32,(anonymous_3)
FNF:4
FNH:4
FNDA:1,(anonymous_0)
FNDA:1,(anonymous_1)
FNDA:1,(anonymous_2)
FNDA:1,(anonymous_3)
DA:1,1
DA:2,1
DA:4,1
DA:7,1
DA:10,1
DA:11,1
DA:12,1
DA:16,1
DA:23,1
DA:27,1
DA:28,1
DA:29,1
DA:33,1
DA:37,1
LF:14
LH:14
BRF:0
BRH:0
end_of_record
TN:
SF:src\controllers\numberController.js
FN:5,(anonymous_0)
FNF:1
FNH:1
FNDA:2,(anonymous_0)
DA:1,1
DA:2,1
DA:4,1
DA:6,2
DA:7,2
DA:8,2
DA:10,2
DA:11,1
DA:14,1
DA:15,1
DA:17,1
DA:21,1
LF:12
LH:12
BRDA:10,0,0,1
BRDA:10,0,1,1
BRF:2
BRH:2
end_of_record
TN:
SF:src\routes\numberRouter.js
FNF:0
FNH:0
DA:1,1
DA:2,1
DA:4,1
DA:6,1
LF:4
LH:4
BRF:0
BRH:0
end_of_record
TN:
SF:src\services\NumberService.js
FN:2,(anonymous_0)
FN:4,(anonymous_1)
FN:19,(anonymous_2)
FN:22,(anonymous_3)
FN:25,(anonymous_4)
FN:37,(anonymous_5)
FNF:6
FNH:6
FNDA:2,(anonymous_0)
FNDA:3,(anonymous_1)
FNDA:22,(anonymous_2)
FNDA:2,(anonymous_3)
FNDA:26,(anonymous_4)
FNDA:12,(anonymous_5)
DA:5,3
DA:6,3
DA:8,3
DA:9,13
DA:10,7
DA:11,1
DA:13,6
DA:19,22
DA:23,2
DA:25,2
DA:26,26
DA:27,4
DA:29,22
DA:30,8
DA:32,14
DA:37,2
DA:38,12
DA:39,4
DA:43,2
DA:47,2
LF:20
LH:20
BRDA:9,0,0,7
BRDA:9,0,1,6
BRDA:10,1,0,1
BRDA:10,1,1,6
BRDA:26,2,0,4
BRDA:26,2,1,22
BRDA:29,3,0,8
BRDA:29,3,1,14
BRDA:29,4,0,22
BRDA:29,4,1,16
BRDA:38,5,0,4
BRDA:38,5,1,8
BRF:12
BRH:12
end_of_record
