TN:
SF:src\App.js
FN:9,(anonymous_0)
FN:15,(anonymous_1)
FN:26,(anonymous_2)
FN:32,(anonymous_3)
FNF:4
FNH:4
FNDA:1,(anonymous_0)
FNDA:1,(anonymous_1)
FNDA:1,(anonymous_2)
FNDA:1,(anonymous_3)
DA:1,1
DA:2,1
DA:4,1
DA:7,1
DA:10,1
DA:11,1
DA:12,1
DA:16,1
DA:23,1
DA:27,1
DA:28,1
DA:29,1
DA:33,1
DA:37,1
LF:14
LH:14
BRF:0
BRH:0
end_of_record
TN:
SF:src\controllers\numberController.js
FN:5,(anonymous_0)
FNF:1
FNH:1
FNDA:2,(anonymous_0)
DA:1,1
DA:2,1
DA:4,1
DA:6,2
DA:7,2
DA:8,2
DA:10,2
DA:11,1
DA:14,1
DA:15,1
DA:17,1
DA:21,1
LF:12
LH:12
BRDA:10,0,0,1
BRDA:10,0,1,1
BRF:2
BRH:2
end_of_record
TN:
SF:src\routes\numberRouter.js
FNF:0
FNH:0
DA:1,1
DA:2,1
DA:4,1
DA:6,1
LF:4
LH:4
BRF:0
BRH:0
end_of_record
TN:
SF:src\services\NumberService.js
FN:2,(anonymous_0)
FN:4,(anonymous_1)
FN:16,(anonymous_2)
FN:19,verifyPrimeNumber
FN:31,(anonymous_4)
FNF:5
FNH:5
FNDA:2,(anonymous_0)
FNDA:2,(anonymous_1)
FNDA:2,(anonymous_2)
FNDA:26,verifyPrimeNumber
FNDA:12,(anonymous_4)
DA:5,2
DA:7,2
DA:8,90
DA:9,12
DA:13,2
DA:17,2
DA:20,26
DA:21,4
DA:23,22
DA:24,8
DA:26,14
DA:31,2
DA:32,12
DA:33,4
DA:37,2
DA:41,2
LF:16
LH:16
BRDA:8,0,0,12
BRDA:8,0,1,78
BRDA:20,1,0,4
BRDA:20,1,1,22
BRDA:23,2,0,8
BRDA:23,2,1,14
BRDA:23,3,0,22
BRDA:23,3,1,16
BRDA:32,4,0,4
BRDA:32,4,1,8
BRF:10
BRH:10
end_of_record
